build/app/intermediates/manifest_merge_blame_file/debug/manifest-merger-blame-debug-report.txt
1<?xml version="1.0" encoding="utf-8"?>
2<manifest xmlns:android="http://schemas.android.com/apk/res/android"
3    package="com.example.launch"
4    android:versionCode="1"
5    android:versionName="1.0.0" >
6
7    <uses-sdk
8        android:minSdkVersion="23"
9        android:targetSdkVersion="35" />
10    <!--
11         The INTERNET permission is required for development. Specifically,
12         the Flutter tool needs it to communicate with the running application
13         to allow setting breakpoints, to provide hot reload, etc.
14    -->
15    <uses-permission android:name="android.permission.INTERNET" />
15-->src/debug/AndroidManifest.xml:6:5-66
15-->src/debug/AndroidManifest.xml:6:22-64
16    <!--
17     Required to query activities that can process text, see:
18         https://developer.android.com/training/package-visibility and
19         https://developer.android.com/reference/android/content/Intent#ACTION_PROCESS_TEXT.
20
21         In particular, this is used by the Flutter engine in io.flutter.plugin.text.ProcessTextPlugin.
22    -->
23    <queries>
23-->src/main/AndroidManifest.xml:39:5-44:15
24        <intent>
24-->src/main/AndroidManifest.xml:40:9-43:18
25            <action android:name="android.intent.action.PROCESS_TEXT" />
25-->src/main/AndroidManifest.xml:41:13-72
25-->src/main/AndroidManifest.xml:41:21-70
26
27            <data android:mimeType="text/plain" />
27-->src/main/AndroidManifest.xml:42:13-50
27-->src/main/AndroidManifest.xml:42:19-48
28        </intent>
29
30        <package android:name="com.kakao.talk" />
30-->[:kakao_flutter_sdk_common] AndroidManifest.xml:8:9-50
30-->[:kakao_flutter_sdk_common] AndroidManifest.xml:8:18-47
31        <package android:name="com.kakao.talk.alpha" />
31-->[:kakao_flutter_sdk_common] AndroidManifest.xml:9:9-56
31-->[:kakao_flutter_sdk_common] AndroidManifest.xml:9:18-53
32        <package android:name="com.kakao.talk.sandbox" />
32-->[:kakao_flutter_sdk_common] AndroidManifest.xml:10:9-58
32-->[:kakao_flutter_sdk_common] AndroidManifest.xml:10:18-55
33        <package android:name="com.kakao.onetalk" />
33-->[:kakao_flutter_sdk_common] AndroidManifest.xml:11:9-53
33-->[:kakao_flutter_sdk_common] AndroidManifest.xml:11:18-50
34        <package android:name="com.locnall.KimGiSa" />
34-->[:kakao_flutter_sdk_common] AndroidManifest.xml:12:9-55
34-->[:kakao_flutter_sdk_common] AndroidManifest.xml:12:18-52
35        <package android:name="com.lguplus.navi" />
35-->[:kakao_flutter_sdk_common] AndroidManifest.xml:13:9-52
35-->[:kakao_flutter_sdk_common] AndroidManifest.xml:13:18-49
36
37        <intent>
37-->[:kakao_flutter_sdk_common] AndroidManifest.xml:15:9-21:18
38            <action android:name="android.intent.action.VIEW" />
38-->[:kakao_flutter_sdk_common] AndroidManifest.xml:16:13-65
38-->[:kakao_flutter_sdk_common] AndroidManifest.xml:16:21-62
39
40            <category android:name="android.intent.category.BROWSABLE" />
40-->[:kakao_flutter_sdk_common] AndroidManifest.xml:18:13-74
40-->[:kakao_flutter_sdk_common] AndroidManifest.xml:18:23-71
41
42            <data android:scheme="https" />
42-->src/main/AndroidManifest.xml:42:13-50
43        </intent>
44    </queries>
45
46    <uses-permission android:name="android.permission.ACCESS_NETWORK_STATE" />
46-->[:connectivity_plus] AndroidManifest.xml:7:5-79
46-->[:connectivity_plus] AndroidManifest.xml:7:22-76
47    <uses-permission android:name="android.permission.WAKE_LOCK" />
47-->[:firebase_analytics] AndroidManifest.xml:9:5-68
47-->[:firebase_analytics] AndroidManifest.xml:9:22-65
48    <uses-permission android:name="android.permission.VIBRATE" />
48-->[:flutter_local_notifications] AndroidManifest.xml:7:5-66
48-->[:flutter_local_notifications] AndroidManifest.xml:7:22-63
49    <uses-permission android:name="android.permission.POST_NOTIFICATIONS" />
49-->[:flutter_local_notifications] AndroidManifest.xml:8:5-77
49-->[:flutter_local_notifications] AndroidManifest.xml:8:22-74
50    <uses-permission android:name="com.google.android.gms.permission.AD_ID" />
50-->[com.google.android.gms:play-services-measurement-api:22.4.0] AndroidManifest.xml:25:5-79
50-->[com.google.android.gms:play-services-measurement-api:22.4.0] AndroidManifest.xml:25:22-76
51    <uses-permission android:name="android.permission.ACCESS_ADSERVICES_ATTRIBUTION" />
51-->[com.google.android.gms:play-services-measurement-api:22.4.0] AndroidManifest.xml:26:5-88
51-->[com.google.android.gms:play-services-measurement-api:22.4.0] AndroidManifest.xml:26:22-85
52    <uses-permission android:name="android.permission.ACCESS_ADSERVICES_AD_ID" />
52-->[com.google.android.gms:play-services-measurement-api:22.4.0] AndroidManifest.xml:27:5-82
52-->[com.google.android.gms:play-services-measurement-api:22.4.0] AndroidManifest.xml:27:22-79
53    <uses-permission android:name="com.google.android.finsky.permission.BIND_GET_INSTALL_REFERRER_SERVICE" />
53-->[com.google.android.gms:play-services-measurement:22.4.0] AndroidManifest.xml:26:5-110
53-->[com.google.android.gms:play-services-measurement:22.4.0] AndroidManifest.xml:26:22-107
54    <uses-permission android:name="com.google.android.providers.gsf.permission.READ_GSERVICES" />
54-->[com.google.android.recaptcha:recaptcha:18.6.1] AndroidManifest.xml:9:5-98
54-->[com.google.android.recaptcha:recaptcha:18.6.1] AndroidManifest.xml:9:22-95
55
56    <permission
56-->[androidx.core:core:1.13.1] AndroidManifest.xml:22:5-24:47
57        android:name="com.example.launch.DYNAMIC_RECEIVER_NOT_EXPORTED_PERMISSION"
57-->[androidx.core:core:1.13.1] AndroidManifest.xml:23:9-81
58        android:protectionLevel="signature" />
58-->[androidx.core:core:1.13.1] AndroidManifest.xml:24:9-44
59
60    <uses-permission android:name="com.example.launch.DYNAMIC_RECEIVER_NOT_EXPORTED_PERMISSION" />
60-->[androidx.core:core:1.13.1] AndroidManifest.xml:26:5-97
60-->[androidx.core:core:1.13.1] AndroidManifest.xml:26:22-94
61
62    <application
63        android:name="android.app.Application"
64        android:appComponentFactory="androidx.core.app.CoreComponentFactory"
64-->[androidx.core:core:1.13.1] AndroidManifest.xml:28:18-86
65        android:debuggable="true"
66        android:extractNativeLibs="false"
67        android:icon="@mipmap/ic_launcher"
68        android:label="launch" >
69        <activity
70            android:name="com.example.launch.MainActivity"
71            android:configChanges="orientation|keyboardHidden|keyboard|screenSize|smallestScreenSize|locale|layoutDirection|fontScale|screenLayout|density|uiMode"
72            android:exported="true"
73            android:hardwareAccelerated="true"
74            android:launchMode="singleTop"
75            android:taskAffinity=""
76            android:theme="@style/LaunchTheme"
77            android:windowSoftInputMode="adjustResize" >
78
79            <!--
80                 Specifies an Android theme to apply to this Activity as soon as
81                 the Android process has started. This theme is visible to the user
82                 while the Flutter UI initializes. After that, this theme continues
83                 to determine the Window background behind the Flutter UI.
84            -->
85            <meta-data
86                android:name="io.flutter.embedding.android.NormalTheme"
87                android:resource="@style/NormalTheme" />
88
89            <intent-filter>
90                <action android:name="android.intent.action.MAIN" />
91
92                <category android:name="android.intent.category.LAUNCHER" />
93            </intent-filter>
94        </activity>
95        <!--
96             Don't delete the meta-data below.
97             This is used by the Flutter tool to generate GeneratedPluginRegistrant.java
98        -->
99        <meta-data
100            android:name="flutterEmbedding"
101            android:value="2" />
102
103        <service
103-->[:firebase_analytics] AndroidManifest.xml:12:9-16:19
104            android:name="com.google.firebase.components.ComponentDiscoveryService"
104-->[:firebase_analytics] AndroidManifest.xml:12:18-89
105            android:directBootAware="true"
105-->[com.google.firebase:firebase-common:21.0.0] AndroidManifest.xml:32:13-43
106            android:exported="false" >
106-->[com.google.firebase:firebase-auth:23.2.0] AndroidManifest.xml:68:13-37
107            <meta-data
107-->[:firebase_analytics] AndroidManifest.xml:13:13-15:85
108                android:name="com.google.firebase.components:io.flutter.plugins.firebase.analytics.FlutterFirebaseAppRegistrar"
108-->[:firebase_analytics] AndroidManifest.xml:14:17-128
109                android:value="com.google.firebase.components.ComponentRegistrar" />
109-->[:firebase_analytics] AndroidManifest.xml:15:17-82
110            <meta-data
110-->[:firebase_auth] AndroidManifest.xml:9:13-11:85
111                android:name="com.google.firebase.components:io.flutter.plugins.firebase.auth.FlutterFirebaseAuthRegistrar"
111-->[:firebase_auth] AndroidManifest.xml:10:17-124
112                android:value="com.google.firebase.components.ComponentRegistrar" />
112-->[:firebase_auth] AndroidManifest.xml:11:17-82
113            <meta-data
113-->[:firebase_database] AndroidManifest.xml:9:13-11:85
114                android:name="com.google.firebase.components:io.flutter.plugins.firebase.database.FlutterFirebaseAppRegistrar"
114-->[:firebase_database] AndroidManifest.xml:10:17-127
115                android:value="com.google.firebase.components.ComponentRegistrar" />
115-->[:firebase_database] AndroidManifest.xml:11:17-82
116            <meta-data
116-->[:firebase_storage] AndroidManifest.xml:9:13-11:85
117                android:name="com.google.firebase.components:io.flutter.plugins.firebase.storage.FlutterFirebaseAppRegistrar"
117-->[:firebase_storage] AndroidManifest.xml:10:17-126
118                android:value="com.google.firebase.components.ComponentRegistrar" />
118-->[:firebase_storage] AndroidManifest.xml:11:17-82
119            <meta-data
119-->[:firebase_core] AndroidManifest.xml:9:13-11:85
120                android:name="com.google.firebase.components:io.flutter.plugins.firebase.core.FlutterFirebaseCoreRegistrar"
120-->[:firebase_core] AndroidManifest.xml:10:17-124
121                android:value="com.google.firebase.components.ComponentRegistrar" />
121-->[:firebase_core] AndroidManifest.xml:11:17-82
122            <meta-data
122-->[com.google.firebase:firebase-auth:23.2.0] AndroidManifest.xml:69:13-71:85
123                android:name="com.google.firebase.components:com.google.firebase.auth.FirebaseAuthRegistrar"
123-->[com.google.firebase:firebase-auth:23.2.0] AndroidManifest.xml:70:17-109
124                android:value="com.google.firebase.components.ComponentRegistrar" />
124-->[com.google.firebase:firebase-auth:23.2.0] AndroidManifest.xml:71:17-82
125            <meta-data
125-->[com.google.firebase:firebase-database:21.0.0] AndroidManifest.xml:29:13-31:85
126                android:name="com.google.firebase.components:com.google.firebase.database.FirebaseDatabaseKtxRegistrar"
126-->[com.google.firebase:firebase-database:21.0.0] AndroidManifest.xml:30:17-120
127                android:value="com.google.firebase.components.ComponentRegistrar" />
127-->[com.google.firebase:firebase-database:21.0.0] AndroidManifest.xml:31:17-82
128            <meta-data
128-->[com.google.firebase:firebase-database:21.0.0] AndroidManifest.xml:32:13-34:85
129                android:name="com.google.firebase.components:com.google.firebase.database.DatabaseRegistrar"
129-->[com.google.firebase:firebase-database:21.0.0] AndroidManifest.xml:33:17-109
130                android:value="com.google.firebase.components.ComponentRegistrar" />
130-->[com.google.firebase:firebase-database:21.0.0] AndroidManifest.xml:34:17-82
131            <meta-data
131-->[com.google.firebase:firebase-storage:21.0.1] AndroidManifest.xml:30:13-32:85
132                android:name="com.google.firebase.components:com.google.firebase.storage.FirebaseStorageKtxRegistrar"
132-->[com.google.firebase:firebase-storage:21.0.1] AndroidManifest.xml:31:17-118
133                android:value="com.google.firebase.components.ComponentRegistrar" />
133-->[com.google.firebase:firebase-storage:21.0.1] AndroidManifest.xml:32:17-82
134            <meta-data
134-->[com.google.firebase:firebase-storage:21.0.1] AndroidManifest.xml:33:13-35:85
135                android:name="com.google.firebase.components:com.google.firebase.storage.StorageRegistrar"
135-->[com.google.firebase:firebase-storage:21.0.1] AndroidManifest.xml:34:17-107
136                android:value="com.google.firebase.components.ComponentRegistrar" />
136-->[com.google.firebase:firebase-storage:21.0.1] AndroidManifest.xml:35:17-82
137            <meta-data
137-->[com.google.android.gms:play-services-measurement-api:22.4.0] AndroidManifest.xml:33:13-35:85
138                android:name="com.google.firebase.components:com.google.firebase.analytics.connector.internal.AnalyticsConnectorRegistrar"
138-->[com.google.android.gms:play-services-measurement-api:22.4.0] AndroidManifest.xml:34:17-139
139                android:value="com.google.firebase.components.ComponentRegistrar" />
139-->[com.google.android.gms:play-services-measurement-api:22.4.0] AndroidManifest.xml:35:17-82
140            <meta-data
140-->[com.google.firebase:firebase-appcheck:18.0.0] AndroidManifest.xml:25:13-27:85
141                android:name="com.google.firebase.components:com.google.firebase.appcheck.FirebaseAppCheckKtxRegistrar"
141-->[com.google.firebase:firebase-appcheck:18.0.0] AndroidManifest.xml:26:17-120
142                android:value="com.google.firebase.components.ComponentRegistrar" />
142-->[com.google.firebase:firebase-appcheck:18.0.0] AndroidManifest.xml:27:17-82
143            <meta-data
143-->[com.google.firebase:firebase-appcheck:18.0.0] AndroidManifest.xml:28:13-30:85
144                android:name="com.google.firebase.components:com.google.firebase.appcheck.FirebaseAppCheckRegistrar"
144-->[com.google.firebase:firebase-appcheck:18.0.0] AndroidManifest.xml:29:17-117
145                android:value="com.google.firebase.components.ComponentRegistrar" />
145-->[com.google.firebase:firebase-appcheck:18.0.0] AndroidManifest.xml:30:17-82
146            <meta-data
146-->[com.google.firebase:firebase-installations:18.0.0] AndroidManifest.xml:15:13-17:85
147                android:name="com.google.firebase.components:com.google.firebase.installations.FirebaseInstallationsKtxRegistrar"
147-->[com.google.firebase:firebase-installations:18.0.0] AndroidManifest.xml:16:17-130
148                android:value="com.google.firebase.components.ComponentRegistrar" />
148-->[com.google.firebase:firebase-installations:18.0.0] AndroidManifest.xml:17:17-82
149            <meta-data
149-->[com.google.firebase:firebase-installations:18.0.0] AndroidManifest.xml:18:13-20:85
150                android:name="com.google.firebase.components:com.google.firebase.installations.FirebaseInstallationsRegistrar"
150-->[com.google.firebase:firebase-installations:18.0.0] AndroidManifest.xml:19:17-127
151                android:value="com.google.firebase.components.ComponentRegistrar" />
151-->[com.google.firebase:firebase-installations:18.0.0] AndroidManifest.xml:20:17-82
152            <meta-data
152-->[com.google.firebase:firebase-common-ktx:21.0.0] AndroidManifest.xml:12:13-14:85
153                android:name="com.google.firebase.components:com.google.firebase.ktx.FirebaseCommonLegacyRegistrar"
153-->[com.google.firebase:firebase-common-ktx:21.0.0] AndroidManifest.xml:13:17-116
154                android:value="com.google.firebase.components.ComponentRegistrar" />
154-->[com.google.firebase:firebase-common-ktx:21.0.0] AndroidManifest.xml:14:17-82
155            <meta-data
155-->[com.google.firebase:firebase-common:21.0.0] AndroidManifest.xml:35:13-37:85
156                android:name="com.google.firebase.components:com.google.firebase.FirebaseCommonKtxRegistrar"
156-->[com.google.firebase:firebase-common:21.0.0] AndroidManifest.xml:36:17-109
157                android:value="com.google.firebase.components.ComponentRegistrar" />
157-->[com.google.firebase:firebase-common:21.0.0] AndroidManifest.xml:37:17-82
158        </service>
159
160        <activity
160-->[:kakao_flutter_sdk_common] AndroidManifest.xml:25:9-30:56
161            android:name="com.kakao.sdk.flutter.TalkAuthCodeActivity"
161-->[:kakao_flutter_sdk_common] AndroidManifest.xml:26:13-70
162            android:configChanges="orientation|screenSize|keyboardHidden|uiMode"
162-->[:kakao_flutter_sdk_common] AndroidManifest.xml:27:13-81
163            android:exported="false"
163-->[:kakao_flutter_sdk_common] AndroidManifest.xml:28:13-37
164            android:launchMode="singleTask"
164-->[:kakao_flutter_sdk_common] AndroidManifest.xml:29:13-44
165            android:theme="@style/TransparentCompat" />
165-->[:kakao_flutter_sdk_common] AndroidManifest.xml:30:13-53
166        <activity
166-->[:kakao_flutter_sdk_common] AndroidManifest.xml:31:9-35:56
167            android:name="com.kakao.sdk.flutter.CustomTabsActivity"
167-->[:kakao_flutter_sdk_common] AndroidManifest.xml:32:13-68
168            android:exported="true"
168-->[:kakao_flutter_sdk_common] AndroidManifest.xml:33:13-36
169            android:launchMode="singleTask"
169-->[:kakao_flutter_sdk_common] AndroidManifest.xml:34:13-44
170            android:theme="@style/TransparentCompat" />
170-->[:kakao_flutter_sdk_common] AndroidManifest.xml:35:13-53
171        <activity
171-->[:kakao_flutter_sdk_common] AndroidManifest.xml:36:9-40:56
172            android:name="com.kakao.sdk.flutter.AuthCodeCustomTabsActivity"
172-->[:kakao_flutter_sdk_common] AndroidManifest.xml:37:13-76
173            android:exported="true"
173-->[:kakao_flutter_sdk_common] AndroidManifest.xml:38:13-36
174            android:launchMode="singleTask"
174-->[:kakao_flutter_sdk_common] AndroidManifest.xml:39:13-44
175            android:theme="@style/TransparentCompat" />
175-->[:kakao_flutter_sdk_common] AndroidManifest.xml:40:13-53
176        <activity
176-->[:kakao_flutter_sdk_common] AndroidManifest.xml:41:9-45:56
177            android:name="com.kakao.sdk.flutter.FollowChannelHandlerActivity"
177-->[:kakao_flutter_sdk_common] AndroidManifest.xml:42:13-78
178            android:exported="true"
178-->[:kakao_flutter_sdk_common] AndroidManifest.xml:43:13-36
179            android:launchMode="singleTask"
179-->[:kakao_flutter_sdk_common] AndroidManifest.xml:44:13-44
180            android:theme="@style/TransparentCompat" />
180-->[:kakao_flutter_sdk_common] AndroidManifest.xml:45:13-53
181        <activity
181-->[:kakao_flutter_sdk_common] AndroidManifest.xml:46:9-50:56
182            android:name="com.kakao.sdk.flutter.AppsHandlerActivity"
182-->[:kakao_flutter_sdk_common] AndroidManifest.xml:47:13-69
183            android:exported="true"
183-->[:kakao_flutter_sdk_common] AndroidManifest.xml:48:13-36
184            android:launchMode="singleTask"
184-->[:kakao_flutter_sdk_common] AndroidManifest.xml:49:13-44
185            android:theme="@style/TransparentCompat" />
185-->[:kakao_flutter_sdk_common] AndroidManifest.xml:50:13-53
186        <activity
186-->[com.google.firebase:firebase-auth:23.2.0] AndroidManifest.xml:29:9-46:20
187            android:name="com.google.firebase.auth.internal.GenericIdpActivity"
187-->[com.google.firebase:firebase-auth:23.2.0] AndroidManifest.xml:30:13-80
188            android:excludeFromRecents="true"
188-->[com.google.firebase:firebase-auth:23.2.0] AndroidManifest.xml:31:13-46
189            android:exported="true"
189-->[com.google.firebase:firebase-auth:23.2.0] AndroidManifest.xml:32:13-36
190            android:launchMode="singleTask"
190-->[com.google.firebase:firebase-auth:23.2.0] AndroidManifest.xml:33:13-44
191            android:theme="@android:style/Theme.Translucent.NoTitleBar" >
191-->[com.google.firebase:firebase-auth:23.2.0] AndroidManifest.xml:34:13-72
192            <intent-filter>
192-->[com.google.firebase:firebase-auth:23.2.0] AndroidManifest.xml:35:13-45:29
193                <action android:name="android.intent.action.VIEW" />
193-->[:kakao_flutter_sdk_common] AndroidManifest.xml:16:13-65
193-->[:kakao_flutter_sdk_common] AndroidManifest.xml:16:21-62
194
195                <category android:name="android.intent.category.DEFAULT" />
195-->[com.google.firebase:firebase-auth:23.2.0] AndroidManifest.xml:38:17-76
195-->[com.google.firebase:firebase-auth:23.2.0] AndroidManifest.xml:38:27-73
196                <category android:name="android.intent.category.BROWSABLE" />
196-->[:kakao_flutter_sdk_common] AndroidManifest.xml:18:13-74
196-->[:kakao_flutter_sdk_common] AndroidManifest.xml:18:23-71
197
198                <data
198-->src/main/AndroidManifest.xml:42:13-50
199                    android:host="firebase.auth"
200                    android:path="/"
201                    android:scheme="genericidp" />
202            </intent-filter>
203        </activity>
204        <activity
204-->[com.google.firebase:firebase-auth:23.2.0] AndroidManifest.xml:47:9-64:20
205            android:name="com.google.firebase.auth.internal.RecaptchaActivity"
205-->[com.google.firebase:firebase-auth:23.2.0] AndroidManifest.xml:48:13-79
206            android:excludeFromRecents="true"
206-->[com.google.firebase:firebase-auth:23.2.0] AndroidManifest.xml:49:13-46
207            android:exported="true"
207-->[com.google.firebase:firebase-auth:23.2.0] AndroidManifest.xml:50:13-36
208            android:launchMode="singleTask"
208-->[com.google.firebase:firebase-auth:23.2.0] AndroidManifest.xml:51:13-44
209            android:theme="@android:style/Theme.Translucent.NoTitleBar" >
209-->[com.google.firebase:firebase-auth:23.2.0] AndroidManifest.xml:52:13-72
210            <intent-filter>
210-->[com.google.firebase:firebase-auth:23.2.0] AndroidManifest.xml:53:13-63:29
211                <action android:name="android.intent.action.VIEW" />
211-->[:kakao_flutter_sdk_common] AndroidManifest.xml:16:13-65
211-->[:kakao_flutter_sdk_common] AndroidManifest.xml:16:21-62
212
213                <category android:name="android.intent.category.DEFAULT" />
213-->[com.google.firebase:firebase-auth:23.2.0] AndroidManifest.xml:38:17-76
213-->[com.google.firebase:firebase-auth:23.2.0] AndroidManifest.xml:38:27-73
214                <category android:name="android.intent.category.BROWSABLE" />
214-->[:kakao_flutter_sdk_common] AndroidManifest.xml:18:13-74
214-->[:kakao_flutter_sdk_common] AndroidManifest.xml:18:23-71
215
216                <data
216-->src/main/AndroidManifest.xml:42:13-50
217                    android:host="firebase.auth"
218                    android:path="/"
219                    android:scheme="recaptcha" />
220            </intent-filter>
221        </activity>
222
223        <uses-library
223-->[androidx.window:window:1.2.0] AndroidManifest.xml:23:9-25:40
224            android:name="androidx.window.extensions"
224-->[androidx.window:window:1.2.0] AndroidManifest.xml:24:13-54
225            android:required="false" />
225-->[androidx.window:window:1.2.0] AndroidManifest.xml:25:13-37
226        <uses-library
226-->[androidx.window:window:1.2.0] AndroidManifest.xml:26:9-28:40
227            android:name="androidx.window.sidecar"
227-->[androidx.window:window:1.2.0] AndroidManifest.xml:27:13-51
228            android:required="false" />
228-->[androidx.window:window:1.2.0] AndroidManifest.xml:28:13-37
229
230        <service
230-->[androidx.credentials:credentials-play-services-auth:1.2.0-rc01] AndroidManifest.xml:24:9-32:19
231            android:name="androidx.credentials.playservices.CredentialProviderMetadataHolder"
231-->[androidx.credentials:credentials-play-services-auth:1.2.0-rc01] AndroidManifest.xml:25:13-94
232            android:enabled="true"
232-->[androidx.credentials:credentials-play-services-auth:1.2.0-rc01] AndroidManifest.xml:26:13-35
233            android:exported="false" >
233-->[androidx.credentials:credentials-play-services-auth:1.2.0-rc01] AndroidManifest.xml:27:13-37
234            <meta-data
234-->[androidx.credentials:credentials-play-services-auth:1.2.0-rc01] AndroidManifest.xml:29:13-31:104
235                android:name="androidx.credentials.CREDENTIAL_PROVIDER_KEY"
235-->[androidx.credentials:credentials-play-services-auth:1.2.0-rc01] AndroidManifest.xml:30:17-76
236                android:value="androidx.credentials.playservices.CredentialProviderPlayServicesImpl" />
236-->[androidx.credentials:credentials-play-services-auth:1.2.0-rc01] AndroidManifest.xml:31:17-101
237        </service>
238
239        <activity
239-->[androidx.credentials:credentials-play-services-auth:1.2.0-rc01] AndroidManifest.xml:34:9-41:20
240            android:name="androidx.credentials.playservices.HiddenActivity"
240-->[androidx.credentials:credentials-play-services-auth:1.2.0-rc01] AndroidManifest.xml:35:13-76
241            android:configChanges="orientation|screenSize|screenLayout|keyboardHidden"
241-->[androidx.credentials:credentials-play-services-auth:1.2.0-rc01] AndroidManifest.xml:36:13-87
242            android:enabled="true"
242-->[androidx.credentials:credentials-play-services-auth:1.2.0-rc01] AndroidManifest.xml:37:13-35
243            android:exported="false"
243-->[androidx.credentials:credentials-play-services-auth:1.2.0-rc01] AndroidManifest.xml:38:13-37
244            android:fitsSystemWindows="true"
244-->[androidx.credentials:credentials-play-services-auth:1.2.0-rc01] AndroidManifest.xml:39:13-45
245            android:theme="@style/Theme.Hidden" >
245-->[androidx.credentials:credentials-play-services-auth:1.2.0-rc01] AndroidManifest.xml:40:13-48
246        </activity>
247        <activity
247-->[com.google.android.gms:play-services-auth:21.0.0] AndroidManifest.xml:23:9-27:75
248            android:name="com.google.android.gms.auth.api.signin.internal.SignInHubActivity"
248-->[com.google.android.gms:play-services-auth:21.0.0] AndroidManifest.xml:24:13-93
249            android:excludeFromRecents="true"
249-->[com.google.android.gms:play-services-auth:21.0.0] AndroidManifest.xml:25:13-46
250            android:exported="false"
250-->[com.google.android.gms:play-services-auth:21.0.0] AndroidManifest.xml:26:13-37
251            android:theme="@android:style/Theme.Translucent.NoTitleBar" />
251-->[com.google.android.gms:play-services-auth:21.0.0] AndroidManifest.xml:27:13-72
252        <!--
253            Service handling Google Sign-In user revocation. For apps that do not integrate with
254            Google Sign-In, this service will never be started.
255        -->
256        <service
256-->[com.google.android.gms:play-services-auth:21.0.0] AndroidManifest.xml:33:9-37:51
257            android:name="com.google.android.gms.auth.api.signin.RevocationBoundService"
257-->[com.google.android.gms:play-services-auth:21.0.0] AndroidManifest.xml:34:13-89
258            android:exported="true"
258-->[com.google.android.gms:play-services-auth:21.0.0] AndroidManifest.xml:35:13-36
259            android:permission="com.google.android.gms.auth.api.signin.permission.REVOCATION_NOTIFICATION"
259-->[com.google.android.gms:play-services-auth:21.0.0] AndroidManifest.xml:36:13-107
260            android:visibleToInstantApps="true" />
260-->[com.google.android.gms:play-services-auth:21.0.0] AndroidManifest.xml:37:13-48
261
262        <provider
262-->[com.google.firebase:firebase-common:21.0.0] AndroidManifest.xml:23:9-28:39
263            android:name="com.google.firebase.provider.FirebaseInitProvider"
263-->[com.google.firebase:firebase-common:21.0.0] AndroidManifest.xml:24:13-77
264            android:authorities="com.example.launch.firebaseinitprovider"
264-->[com.google.firebase:firebase-common:21.0.0] AndroidManifest.xml:25:13-72
265            android:directBootAware="true"
265-->[com.google.firebase:firebase-common:21.0.0] AndroidManifest.xml:26:13-43
266            android:exported="false"
266-->[com.google.firebase:firebase-common:21.0.0] AndroidManifest.xml:27:13-37
267            android:initOrder="100" />
267-->[com.google.firebase:firebase-common:21.0.0] AndroidManifest.xml:28:13-36
268
269        <receiver
269-->[com.google.android.gms:play-services-measurement:22.4.0] AndroidManifest.xml:29:9-33:20
270            android:name="com.google.android.gms.measurement.AppMeasurementReceiver"
270-->[com.google.android.gms:play-services-measurement:22.4.0] AndroidManifest.xml:30:13-85
271            android:enabled="true"
271-->[com.google.android.gms:play-services-measurement:22.4.0] AndroidManifest.xml:31:13-35
272            android:exported="false" >
272-->[com.google.android.gms:play-services-measurement:22.4.0] AndroidManifest.xml:32:13-37
273        </receiver>
274
275        <service
275-->[com.google.android.gms:play-services-measurement:22.4.0] AndroidManifest.xml:35:9-38:40
276            android:name="com.google.android.gms.measurement.AppMeasurementService"
276-->[com.google.android.gms:play-services-measurement:22.4.0] AndroidManifest.xml:36:13-84
277            android:enabled="true"
277-->[com.google.android.gms:play-services-measurement:22.4.0] AndroidManifest.xml:37:13-35
278            android:exported="false" />
278-->[com.google.android.gms:play-services-measurement:22.4.0] AndroidManifest.xml:38:13-37
279        <service
279-->[com.google.android.gms:play-services-measurement:22.4.0] AndroidManifest.xml:39:9-43:72
280            android:name="com.google.android.gms.measurement.AppMeasurementJobService"
280-->[com.google.android.gms:play-services-measurement:22.4.0] AndroidManifest.xml:40:13-87
281            android:enabled="true"
281-->[com.google.android.gms:play-services-measurement:22.4.0] AndroidManifest.xml:41:13-35
282            android:exported="false"
282-->[com.google.android.gms:play-services-measurement:22.4.0] AndroidManifest.xml:42:13-37
283            android:permission="android.permission.BIND_JOB_SERVICE" />